2018-07-16 at 17:16:34 CST INFO  spring_ioc.test.SpringTest 24 test02 - config loaded complete!
2018-07-16 at 17:16:34 CST INFO  spring_ioc.test.SpringTest 26 test02 - create class success.
2018-07-16 at 17:22:48 CST INFO  spring_ioc.test.SpringTest 24 test02 - config loaded complete!
2018-07-16 at 17:22:48 CST INFO  spring_ioc.test.SpringTest 27 test02 - create class success.
2018-07-16 at 17:44:38 CST INFO  spring_ioc.test.SpringTest 26 test02 - config loaded complete!
2018-07-16 at 17:44:38 CST INFO  spring_ioc.test.SpringTest 30 test02 - create class success.
2018-07-16 at 18:27:27 CST INFO  spring_ioc.test.SpringTest 65 test04 - create class instance ...
2018-07-16 at 18:27:27 CST INFO  spring_ioc.test.SpringTest 71 test04 -  list 注入 test ...
2018-07-16 at 18:27:27 CST INFO  spring_ioc.test.SpringTest 77 test04 - set 注入 test 
2018-07-16 at 18:27:27 CST INFO  spring_ioc.test.SpringTest 83 test04 - hashmap 注入 test ...
2018-07-16 at 18:28:24 CST INFO  spring_ioc.test.SpringTest 65 test04 - create class instance ...
2018-07-16 at 18:28:24 CST INFO  spring_ioc.test.SpringTest 71 test04 - ======== list 注入 test ...
2018-07-16 at 18:28:24 CST INFO  spring_ioc.test.SpringTest 77 test04 - ======== set 注入 test 
2018-07-16 at 18:28:24 CST INFO  spring_ioc.test.SpringTest 83 test04 - ========== hashmap 注入 test ...
2018-07-16 at 18:28:36 CST INFO  spring_ioc.test.SpringTest 65 test04 - create class instance ...
2018-07-16 at 18:28:36 CST INFO  spring_ioc.test.SpringTest 71 test04 - ======== list 注入 test ...
2018-07-16 at 18:28:36 CST INFO  spring_ioc.test.SpringTest 77 test04 - ======== set 注入 test 
2018-07-16 at 18:28:36 CST INFO  spring_ioc.test.SpringTest 83 test04 - ========== hashmap 注入 test ...
2018-07-16 at 18:28:45 CST INFO  spring_ioc.test.SpringTest 65 test04 - create class instance ...
2018-07-16 at 18:28:45 CST INFO  spring_ioc.test.SpringTest 71 test04 - ======== list 注入 test ...
2018-07-16 at 18:28:45 CST INFO  spring_ioc.test.SpringTest 77 test04 - ======== set 注入 test 
2018-07-16 at 18:28:45 CST INFO  spring_ioc.test.SpringTest 83 test04 - ========== hashmap 注入 test ...
2018-07-16 at 19:58:09 CST INFO  spring.test.SpringTest 30 test02 - config loaded complete!
2018-07-16 at 19:58:09 CST INFO  spring.test.SpringTest 34 test02 - create class success.
2018-07-16 at 19:59:11 CST INFO  spring.test.SpringTest 30 test02 - config loaded complete!
2018-07-16 at 19:59:11 CST INFO  spring.test.SpringTest 34 test02 - create class success.
2018-07-16 at 20:15:49 CST INFO  spring.test.SpringTest 30 test02 - config loaded complete!
2018-07-16 at 20:15:49 CST INFO  spring.test.SpringTest 34 test02 - create class success.
2018-07-16 at 20:15:49 CST INFO  spring.test.SpringTest 65 test04 - create class instance ...
2018-07-16 at 20:15:49 CST INFO  spring.test.SpringTest 71 test04 - ======== list 注入 test ...
2018-07-16 at 20:15:49 CST INFO  spring.test.SpringTest 77 test04 - ======== set 注入 test 
2018-07-16 at 20:15:49 CST INFO  spring.test.SpringTest 83 test04 - ========== hashmap 注入 test ...
2018-07-16 at 20:41:15 CST INFO  spring.test.SpringTest 30 test02 - config loaded complete!
2018-07-16 at 20:42:06 CST INFO  spring.test.SpringTest 30 test02 - config loaded complete!
2018-07-16 at 20:42:06 CST INFO  spring.test.SpringTest 34 test02 - create class success.
2018-07-16 at 20:43:46 CST INFO  spring.test.SpringTest 65 test04 - create class instance ...
2018-07-16 at 20:44:09 CST INFO  spring.test.SpringTest 65 test04 - create class instance ...
2018-07-16 at 20:44:09 CST INFO  spring.test.SpringTest 71 test04 - ======== list 注入 test ...
2018-07-16 at 20:56:15 CST INFO  spring.test.SpringTest 30 test02 - config loaded complete!
2018-07-16 at 20:56:15 CST INFO  spring.test.SpringTest 34 test02 - create class success.
2018-07-16 at 20:56:29 CST INFO  spring.test.SpringTest 65 test04 - create class instance ...
2018-07-16 at 20:56:29 CST INFO  spring.test.SpringTest 71 test04 - ======== list 注入 test ...
2018-07-16 at 21:12:20 CST INFO  spring.test.SpringTest 65 test04 - create class instance ...
2018-07-16 at 21:12:20 CST INFO  spring.test.SpringTest 71 test04 - ======== list 注入 test ...
2018-07-16 at 21:12:20 CST INFO  spring.test.SpringTest 77 test04 - ======== set 注入 test 
2018-07-16 at 21:12:20 CST INFO  spring.test.SpringTest 83 test04 - ========== hashmap 注入 test ...
2018-07-16 at 21:24:46 CST INFO  spring.log.Log 13 log - 新增日志
2018-07-16 at 21:28:16 CST INFO  spring.log.Log 13 log - 新增日志
2018-07-16 at 21:37:21 CST INFO  spring.log.Log 13 log - 执行了新增操作
2018-07-16 at 21:38:12 CST INFO  spring.log.Log 13 log - 执行了新增操作
2018-07-16 at 22:16:27 CST INFO  spring.log.Log 15 log - >>>>>>>>Mon Jul 16 22:16:27 CST 2018执行了新增操作
2018-07-16 at 22:40:58 CST INFO  spring.log.Log 15 log -  >>>>>>>> Mon Jul 16 22:40:58 CST 2018 执行了新增操作
2018-07-16 at 22:51:30 CST INFO  spring.log.Log 15 log -  >>>>>>>> Mon Jul 16 22:51:30 CST 2018 执行了新增操作
2018-07-16 at 23:10:36 CST INFO  spring.proxy.LogProxy 44 invoke - 正在执行invoke()----
2018-07-16 at 23:10:36 CST INFO  spring.log.Log 15 log -  >>>>>>>> Mon Jul 16 23:10:36 CST 2018 执行了添加数据的操作
2018-07-16 at 23:10:36 CST INFO  spring.proxy.LogProxy 44 invoke - 正在执行invoke()----
2018-07-16 at 23:10:36 CST INFO  spring.log.Log 15 log -  >>>>>>>> Mon Jul 16 23:10:36 CST 2018 加载数据
2018-07-16 at 23:51:05 CST INFO  spring.log.LogAspect 24 methodStrat - 这是一个前置通知
2018-07-16 at 23:56:46 CST INFO  spring.log.LogAspect 31 methodStrat -  这是一个前置通知
2018-07-16 at 23:56:47 CST INFO  spring.log.LogAspect 36 methodStop -  这是一个后置通知
2018-07-16 at 23:56:47 CST INFO  spring.log.LogAspect 41 methodAround -  这是一个环绕通知
2018-07-17 at 00:01:32 CST INFO  spring.log.LogAspect 31 methodStrat -  这是一个前置通知
2018-07-17 at 00:01:32 CST INFO  spring.log.LogAspect 36 methodStop -  这是一个后置通知
2018-07-17 at 00:01:32 CST INFO  spring.action.GroupAction 41 load -  invoke groupAction load() 
2018-07-17 at 00:01:32 CST INFO  spring.log.LogAspect 41 methodAround -  这是一个环绕通知
2018-07-17 at 00:24:56 CST INFO  spring.log.LogAspect 33 methodStrat - add
2018-07-17 at 00:24:56 CST INFO  spring.log.LogAspect 34 methodStrat -  这是一个前置通知
2018-07-17 at 00:24:56 CST INFO  spring.log.LogAspect 40 methodStop -  这是一个后置通知
2018-07-17 at 00:24:56 CST INFO  spring.action.GroupAction 41 load -  invoke groupAction load() 
2018-07-17 at 00:24:56 CST INFO  spring.log.LogAspect 47 methodAround -  执行了环绕通知
2018-07-17 at 00:24:56 CST INFO  spring.log.LogAspect 49 methodAround -  执行了环绕通知
2018-07-17 at 00:37:37 CST INFO  spring.test.SpringTest 65 test04 - create class instance ...
2018-07-17 at 00:38:01 CST INFO  spring.test.SpringTest 65 test04 - create class instance ...
2018-07-17 at 00:38:01 CST INFO  spring.test.SpringTest 71 test04 - ======== list 注入 test ...
2018-07-17 at 00:38:01 CST INFO  spring.test.SpringTest 77 test04 - ======== set 注入 test 
2018-07-17 at 00:38:01 CST INFO  spring.test.SpringTest 83 test04 - ========== hashmap 注入 test ...
2018-07-17 at 00:38:25 CST INFO  spring.test.SpringTest 30 test02 - config loaded complete!
2018-07-17 at 00:38:25 CST INFO  spring.test.SpringTest 34 test02 - create class success.
2018-07-17 at 00:49:31 CST INFO  spring.log.LogAspect 30 methodStrat - add
2018-07-17 at 00:49:31 CST INFO  spring.log.LogAspect 31 methodStrat -  这是一个前置通知
2018-07-17 at 00:49:31 CST INFO  spring.log.LogAspect 37 methodStop -  这是一个后置通知
2018-07-17 at 00:51:11 CST INFO  spring.log.LogAspect 30 methodStrat - add
2018-07-17 at 00:51:11 CST INFO  spring.log.LogAspect 31 methodStrat -  这是一个前置通知
2018-07-17 at 00:51:11 CST INFO  spring.log.LogAspect 37 methodStop -  这是一个后置通知
2018-07-17 at 00:55:02 CST INFO  spring.log.LogAspect 27 methodStrat - add
2018-07-17 at 00:55:02 CST INFO  spring.log.LogAspect 28 methodStrat -  这是一个前置通知
2018-07-17 at 00:55:02 CST INFO  spring.log.LogAspect 34 methodStop -  这是一个后置通知
2018-07-17 at 00:55:02 CST INFO  spring.log.LogAspect 27 methodStrat - add
2018-07-17 at 00:55:02 CST INFO  spring.log.LogAspect 28 methodStrat -  这是一个前置通知
2018-07-17 at 00:55:02 CST INFO  spring.log.LogAspect 34 methodStop -  这是一个后置通知
2018-07-17 at 01:00:57 CST INFO  spring.log.LogAspect 41 methodAround -  执行了环绕通知
2018-07-17 at 01:00:57 CST INFO  spring.log.LogAspect 27 methodStrat - add
2018-07-17 at 01:00:57 CST INFO  spring.log.LogAspect 28 methodStrat -  这是一个前置通知
2018-07-17 at 01:00:57 CST INFO  spring.log.LogAspect 43 methodAround -  执行了环绕通知
2018-07-17 at 01:00:57 CST INFO  spring.log.LogAspect 34 methodStop -  这是一个后置通知
2018-07-17 at 01:00:57 CST INFO  spring.log.LogAspect 41 methodAround -  执行了环绕通知
2018-07-17 at 01:00:57 CST INFO  spring.log.LogAspect 27 methodStrat - add
2018-07-17 at 01:00:57 CST INFO  spring.log.LogAspect 28 methodStrat -  这是一个前置通知
2018-07-17 at 01:00:57 CST INFO  spring.log.LogAspect 43 methodAround -  执行了环绕通知
2018-07-17 at 01:00:57 CST INFO  spring.log.LogAspect 34 methodStop -  这是一个后置通知
2018-07-17 at 01:01:54 CST INFO  spring.log.LogAspect 41 methodAround -  执行了环绕通知
2018-07-17 at 01:01:54 CST INFO  spring.log.LogAspect 27 methodStrat - add
2018-07-17 at 01:01:54 CST INFO  spring.log.LogAspect 28 methodStrat -  这是一个前置通知
2018-07-17 at 01:01:54 CST INFO  spring.log.LogAspect 43 methodAround -  执行了环绕通知
2018-07-17 at 01:01:54 CST INFO  spring.log.LogAspect 34 methodStop -  这是一个后置通知
2018-07-17 at 01:01:54 CST INFO  spring.log.LogAspect 52 methodReturn - 当方法正常执行完成返回的时候,你会看到这个输出
2018-07-17 at 01:01:54 CST INFO  spring.log.LogAspect 41 methodAround -  执行了环绕通知
2018-07-17 at 01:01:54 CST INFO  spring.log.LogAspect 27 methodStrat - add
2018-07-17 at 01:01:54 CST INFO  spring.log.LogAspect 28 methodStrat -  这是一个前置通知
2018-07-17 at 01:01:54 CST INFO  spring.log.LogAspect 43 methodAround -  执行了环绕通知
2018-07-17 at 01:01:54 CST INFO  spring.log.LogAspect 34 methodStop -  这是一个后置通知
2018-07-17 at 01:01:54 CST INFO  spring.log.LogAspect 52 methodReturn - 当方法正常执行完成返回的时候,你会看到这个输出
2018-07-17 at 01:03:56 CST INFO  spring.log.LogAspect 27 methodStrat - add
2018-07-17 at 01:03:56 CST INFO  spring.log.LogAspect 28 methodStrat -  这是一个前置通知
2018-07-17 at 01:03:56 CST INFO  spring.log.LogAspect 34 methodStop -  这是一个后置通知
2018-07-17 at 01:03:56 CST INFO  spring.log.LogAspect 27 methodStrat - add
2018-07-17 at 01:03:56 CST INFO  spring.log.LogAspect 28 methodStrat -  这是一个前置通知
2018-07-17 at 01:03:56 CST INFO  spring.log.LogAspect 34 methodStop -  这是一个后置通知
2018-07-17 at 01:03:56 CST INFO  spring.log.LogAspect 41 methodAround -  执行了环绕通知
2018-07-17 at 01:03:56 CST INFO  spring.log.LogAspect 43 methodAround -  执行了环绕通知
2018-07-17 at 01:03:56 CST INFO  spring.log.LogAspect 52 methodReturn - 当方法正常执行完成返回的时候,你会看到这个输出
